[2024-07-19 15:57:40] development.ERROR: Required @OA\Info() not found {"exception":"[object] (ErrorException(code: 0): Required @OA\\Info() not found at C:\\Users\\frank\\backend-cep-increazy\\viacep-api\\vendor\\zircote\\swagger-php\\src\\Loggers\\DefaultLogger.php:31)
[stacktrace]
#0 C:\\Users\\frank\\backend-cep-increazy\\viacep-api\\vendor\\laravel\\framework\\src\\Illuminate\\Foundation\\Bootstrap\\HandleExceptions.php(256): Illuminate\\Foundation\\Bootstrap\\HandleExceptions->handleError()
#1 [internal function]: Illuminate\\Foundation\\Bootstrap\\HandleExceptions->Illuminate\\Foundation\\Bootstrap\\{closure}()
#2 C:\\Users\\frank\\backend-cep-increazy\\viacep-api\\vendor\\zircote\\swagger-php\\src\\Loggers\\DefaultLogger.php(31): trigger_error()
#3 C:\\Users\\frank\\backend-cep-increazy\\viacep-api\\vendor\\psr\\log\\src\\LoggerTrait.php(86): OpenApi\\Loggers\\DefaultLogger->log()
#4 C:\\Users\\frank\\backend-cep-increazy\\viacep-api\\vendor\\zircote\\swagger-php\\src\\Annotations\\AbstractAnnotation.php(532): Psr\\Log\\AbstractLogger->warning()
#5 C:\\Users\\frank\\backend-cep-increazy\\viacep-api\\vendor\\zircote\\swagger-php\\src\\Annotations\\OpenApi.php(170): OpenApi\\Annotations\\AbstractAnnotation->validate()
#6 C:\\Users\\frank\\backend-cep-increazy\\viacep-api\\vendor\\zircote\\swagger-php\\src\\Analysis.php(440): OpenApi\\Annotations\\OpenApi->validate()
#7 C:\\Users\\frank\\backend-cep-increazy\\viacep-api\\vendor\\zircote\\swagger-php\\src\\Generator.php(520): OpenApi\\Analysis->validate()
#8 C:\\Users\\frank\\backend-cep-increazy\\viacep-api\\vendor\\darkaonline\\l5-swagger\\src\\Generator.php(191): OpenApi\\Generator->generate()
#9 C:\\Users\\frank\\backend-cep-increazy\\viacep-api\\vendor\\darkaonline\\l5-swagger\\src\\Generator.php(132): L5Swagger\\Generator->scanFilesForDocumentation()
#10 C:\\Users\\frank\\backend-cep-increazy\\viacep-api\\vendor\\darkaonline\\l5-swagger\\src\\Console\\GenerateDocsCommand.php(72): L5Swagger\\Generator->generateDocs()
#11 C:\\Users\\frank\\backend-cep-increazy\\viacep-api\\vendor\\darkaonline\\l5-swagger\\src\\Console\\GenerateDocsCommand.php(58): L5Swagger\\Console\\GenerateDocsCommand->generateDocumentation()
#12 C:\\Users\\frank\\backend-cep-increazy\\viacep-api\\vendor\\laravel\\framework\\src\\Illuminate\\Container\\BoundMethod.php(36): L5Swagger\\Console\\GenerateDocsCommand->handle()
#13 C:\\Users\\frank\\backend-cep-increazy\\viacep-api\\vendor\\laravel\\framework\\src\\Illuminate\\Container\\Util.php(41): Illuminate\\Container\\BoundMethod::Illuminate\\Container\\{closure}()
#14 C:\\Users\\frank\\backend-cep-increazy\\viacep-api\\vendor\\laravel\\framework\\src\\Illuminate\\Container\\BoundMethod.php(93): Illuminate\\Container\\Util::unwrapIfClosure()
#15 C:\\Users\\frank\\backend-cep-increazy\\viacep-api\\vendor\\laravel\\framework\\src\\Illuminate\\Container\\BoundMethod.php(35): Illuminate\\Container\\BoundMethod::callBoundMethod()
#16 C:\\Users\\frank\\backend-cep-increazy\\viacep-api\\vendor\\laravel\\framework\\src\\Illuminate\\Container\\Container.php(690): Illuminate\\Container\\BoundMethod::call()
#17 C:\\Users\\frank\\backend-cep-increazy\\viacep-api\\vendor\\laravel\\framework\\src\\Illuminate\\Console\\Command.php(213): Illuminate\\Container\\Container->call()
#18 C:\\Users\\frank\\backend-cep-increazy\\viacep-api\\vendor\\symfony\\console\\Command\\Command.php(279): Illuminate\\Console\\Command->execute()
#19 C:\\Users\\frank\\backend-cep-increazy\\viacep-api\\vendor\\laravel\\framework\\src\\Illuminate\\Console\\Command.php(182): Symfony\\Component\\Console\\Command\\Command->run()
#20 C:\\Users\\frank\\backend-cep-increazy\\viacep-api\\vendor\\symfony\\console\\Application.php(1047): Illuminate\\Console\\Command->run()
#21 C:\\Users\\frank\\backend-cep-increazy\\viacep-api\\vendor\\symfony\\console\\Application.php(316): Symfony\\Component\\Console\\Application->doRunCommand()
#22 C:\\Users\\frank\\backend-cep-increazy\\viacep-api\\vendor\\symfony\\console\\Application.php(167): Symfony\\Component\\Console\\Application->doRun()
#23 C:\\Users\\frank\\backend-cep-increazy\\viacep-api\\vendor\\laravel\\framework\\src\\Illuminate\\Foundation\\Console\\Kernel.php(196): Symfony\\Component\\Console\\Application->run()
#24 C:\\Users\\frank\\backend-cep-increazy\\viacep-api\\vendor\\laravel\\framework\\src\\Illuminate\\Foundation\\Application.php(1203): Illuminate\\Foundation\\Console\\Kernel->handle()
#25 C:\\Users\\frank\\backend-cep-increazy\\viacep-api\\artisan(13): Illuminate\\Foundation\\Application->handleCommand()
#26 {main}
"} 
[2024-07-19 15:58:09] development.ERROR: Required @OA\Info() not found {"exception":"[object] (ErrorException(code: 0): Required @OA\\Info() not found at C:\\Users\\frank\\backend-cep-increazy\\viacep-api\\vendor\\zircote\\swagger-php\\src\\Loggers\\DefaultLogger.php:31)
[stacktrace]
#0 C:\\Users\\frank\\backend-cep-increazy\\viacep-api\\vendor\\laravel\\framework\\src\\Illuminate\\Foundation\\Bootstrap\\HandleExceptions.php(256): Illuminate\\Foundation\\Bootstrap\\HandleExceptions->handleError()
#1 [internal function]: Illuminate\\Foundation\\Bootstrap\\HandleExceptions->Illuminate\\Foundation\\Bootstrap\\{closure}()
#2 C:\\Users\\frank\\backend-cep-increazy\\viacep-api\\vendor\\zircote\\swagger-php\\src\\Loggers\\DefaultLogger.php(31): trigger_error()
#3 C:\\Users\\frank\\backend-cep-increazy\\viacep-api\\vendor\\psr\\log\\src\\LoggerTrait.php(86): OpenApi\\Loggers\\DefaultLogger->log()
#4 C:\\Users\\frank\\backend-cep-increazy\\viacep-api\\vendor\\zircote\\swagger-php\\src\\Annotations\\AbstractAnnotation.php(532): Psr\\Log\\AbstractLogger->warning()
#5 C:\\Users\\frank\\backend-cep-increazy\\viacep-api\\vendor\\zircote\\swagger-php\\src\\Annotations\\OpenApi.php(170): OpenApi\\Annotations\\AbstractAnnotation->validate()
#6 C:\\Users\\frank\\backend-cep-increazy\\viacep-api\\vendor\\zircote\\swagger-php\\src\\Analysis.php(440): OpenApi\\Annotations\\OpenApi->validate()
#7 C:\\Users\\frank\\backend-cep-increazy\\viacep-api\\vendor\\zircote\\swagger-php\\src\\Generator.php(520): OpenApi\\Analysis->validate()
#8 C:\\Users\\frank\\backend-cep-increazy\\viacep-api\\vendor\\darkaonline\\l5-swagger\\src\\Generator.php(191): OpenApi\\Generator->generate()
#9 C:\\Users\\frank\\backend-cep-increazy\\viacep-api\\vendor\\darkaonline\\l5-swagger\\src\\Generator.php(132): L5Swagger\\Generator->scanFilesForDocumentation()
#10 C:\\Users\\frank\\backend-cep-increazy\\viacep-api\\vendor\\darkaonline\\l5-swagger\\src\\Console\\GenerateDocsCommand.php(72): L5Swagger\\Generator->generateDocs()
#11 C:\\Users\\frank\\backend-cep-increazy\\viacep-api\\vendor\\darkaonline\\l5-swagger\\src\\Console\\GenerateDocsCommand.php(58): L5Swagger\\Console\\GenerateDocsCommand->generateDocumentation()
#12 C:\\Users\\frank\\backend-cep-increazy\\viacep-api\\vendor\\laravel\\framework\\src\\Illuminate\\Container\\BoundMethod.php(36): L5Swagger\\Console\\GenerateDocsCommand->handle()
#13 C:\\Users\\frank\\backend-cep-increazy\\viacep-api\\vendor\\laravel\\framework\\src\\Illuminate\\Container\\Util.php(41): Illuminate\\Container\\BoundMethod::Illuminate\\Container\\{closure}()
#14 C:\\Users\\frank\\backend-cep-increazy\\viacep-api\\vendor\\laravel\\framework\\src\\Illuminate\\Container\\BoundMethod.php(93): Illuminate\\Container\\Util::unwrapIfClosure()
#15 C:\\Users\\frank\\backend-cep-increazy\\viacep-api\\vendor\\laravel\\framework\\src\\Illuminate\\Container\\BoundMethod.php(35): Illuminate\\Container\\BoundMethod::callBoundMethod()
#16 C:\\Users\\frank\\backend-cep-increazy\\viacep-api\\vendor\\laravel\\framework\\src\\Illuminate\\Container\\Container.php(690): Illuminate\\Container\\BoundMethod::call()
#17 C:\\Users\\frank\\backend-cep-increazy\\viacep-api\\vendor\\laravel\\framework\\src\\Illuminate\\Console\\Command.php(213): Illuminate\\Container\\Container->call()
#18 C:\\Users\\frank\\backend-cep-increazy\\viacep-api\\vendor\\symfony\\console\\Command\\Command.php(279): Illuminate\\Console\\Command->execute()
#19 C:\\Users\\frank\\backend-cep-increazy\\viacep-api\\vendor\\laravel\\framework\\src\\Illuminate\\Console\\Command.php(182): Symfony\\Component\\Console\\Command\\Command->run()
#20 C:\\Users\\frank\\backend-cep-increazy\\viacep-api\\vendor\\symfony\\console\\Application.php(1047): Illuminate\\Console\\Command->run()
#21 C:\\Users\\frank\\backend-cep-increazy\\viacep-api\\vendor\\symfony\\console\\Application.php(316): Symfony\\Component\\Console\\Application->doRunCommand()
#22 C:\\Users\\frank\\backend-cep-increazy\\viacep-api\\vendor\\symfony\\console\\Application.php(167): Symfony\\Component\\Console\\Application->doRun()
#23 C:\\Users\\frank\\backend-cep-increazy\\viacep-api\\vendor\\laravel\\framework\\src\\Illuminate\\Foundation\\Console\\Kernel.php(196): Symfony\\Component\\Console\\Application->run()
#24 C:\\Users\\frank\\backend-cep-increazy\\viacep-api\\vendor\\laravel\\framework\\src\\Illuminate\\Foundation\\Application.php(1203): Illuminate\\Foundation\\Console\\Kernel->handle()
#25 C:\\Users\\frank\\backend-cep-increazy\\viacep-api\\artisan(13): Illuminate\\Foundation\\Application->handleCommand()
#26 {main}
"} 
[2024-07-19 16:01:04] development.ERROR: Required @OA\Info() not found {"exception":"[object] (ErrorException(code: 0): Required @OA\\Info() not found at C:\\Users\\frank\\backend-cep-increazy\\viacep-api\\vendor\\zircote\\swagger-php\\src\\Loggers\\DefaultLogger.php:31)
[stacktrace]
#0 C:\\Users\\frank\\backend-cep-increazy\\viacep-api\\vendor\\laravel\\framework\\src\\Illuminate\\Foundation\\Bootstrap\\HandleExceptions.php(256): Illuminate\\Foundation\\Bootstrap\\HandleExceptions->handleError()
#1 [internal function]: Illuminate\\Foundation\\Bootstrap\\HandleExceptions->Illuminate\\Foundation\\Bootstrap\\{closure}()
#2 C:\\Users\\frank\\backend-cep-increazy\\viacep-api\\vendor\\zircote\\swagger-php\\src\\Loggers\\DefaultLogger.php(31): trigger_error()
#3 C:\\Users\\frank\\backend-cep-increazy\\viacep-api\\vendor\\psr\\log\\src\\LoggerTrait.php(86): OpenApi\\Loggers\\DefaultLogger->log()
#4 C:\\Users\\frank\\backend-cep-increazy\\viacep-api\\vendor\\zircote\\swagger-php\\src\\Annotations\\AbstractAnnotation.php(532): Psr\\Log\\AbstractLogger->warning()
#5 C:\\Users\\frank\\backend-cep-increazy\\viacep-api\\vendor\\zircote\\swagger-php\\src\\Annotations\\OpenApi.php(170): OpenApi\\Annotations\\AbstractAnnotation->validate()
#6 C:\\Users\\frank\\backend-cep-increazy\\viacep-api\\vendor\\zircote\\swagger-php\\src\\Analysis.php(440): OpenApi\\Annotations\\OpenApi->validate()
#7 C:\\Users\\frank\\backend-cep-increazy\\viacep-api\\vendor\\zircote\\swagger-php\\src\\Generator.php(520): OpenApi\\Analysis->validate()
#8 C:\\Users\\frank\\backend-cep-increazy\\viacep-api\\vendor\\darkaonline\\l5-swagger\\src\\Generator.php(191): OpenApi\\Generator->generate()
#9 C:\\Users\\frank\\backend-cep-increazy\\viacep-api\\vendor\\darkaonline\\l5-swagger\\src\\Generator.php(132): L5Swagger\\Generator->scanFilesForDocumentation()
#10 C:\\Users\\frank\\backend-cep-increazy\\viacep-api\\vendor\\darkaonline\\l5-swagger\\src\\Console\\GenerateDocsCommand.php(72): L5Swagger\\Generator->generateDocs()
#11 C:\\Users\\frank\\backend-cep-increazy\\viacep-api\\vendor\\darkaonline\\l5-swagger\\src\\Console\\GenerateDocsCommand.php(58): L5Swagger\\Console\\GenerateDocsCommand->generateDocumentation()
#12 C:\\Users\\frank\\backend-cep-increazy\\viacep-api\\vendor\\laravel\\framework\\src\\Illuminate\\Container\\BoundMethod.php(36): L5Swagger\\Console\\GenerateDocsCommand->handle()
#13 C:\\Users\\frank\\backend-cep-increazy\\viacep-api\\vendor\\laravel\\framework\\src\\Illuminate\\Container\\Util.php(41): Illuminate\\Container\\BoundMethod::Illuminate\\Container\\{closure}()
#14 C:\\Users\\frank\\backend-cep-increazy\\viacep-api\\vendor\\laravel\\framework\\src\\Illuminate\\Container\\BoundMethod.php(93): Illuminate\\Container\\Util::unwrapIfClosure()
#15 C:\\Users\\frank\\backend-cep-increazy\\viacep-api\\vendor\\laravel\\framework\\src\\Illuminate\\Container\\BoundMethod.php(35): Illuminate\\Container\\BoundMethod::callBoundMethod()
#16 C:\\Users\\frank\\backend-cep-increazy\\viacep-api\\vendor\\laravel\\framework\\src\\Illuminate\\Container\\Container.php(690): Illuminate\\Container\\BoundMethod::call()
#17 C:\\Users\\frank\\backend-cep-increazy\\viacep-api\\vendor\\laravel\\framework\\src\\Illuminate\\Console\\Command.php(213): Illuminate\\Container\\Container->call()
#18 C:\\Users\\frank\\backend-cep-increazy\\viacep-api\\vendor\\symfony\\console\\Command\\Command.php(279): Illuminate\\Console\\Command->execute()
#19 C:\\Users\\frank\\backend-cep-increazy\\viacep-api\\vendor\\laravel\\framework\\src\\Illuminate\\Console\\Command.php(182): Symfony\\Component\\Console\\Command\\Command->run()
#20 C:\\Users\\frank\\backend-cep-increazy\\viacep-api\\vendor\\symfony\\console\\Application.php(1047): Illuminate\\Console\\Command->run()
#21 C:\\Users\\frank\\backend-cep-increazy\\viacep-api\\vendor\\symfony\\console\\Application.php(316): Symfony\\Component\\Console\\Application->doRunCommand()
#22 C:\\Users\\frank\\backend-cep-increazy\\viacep-api\\vendor\\symfony\\console\\Application.php(167): Symfony\\Component\\Console\\Application->doRun()
#23 C:\\Users\\frank\\backend-cep-increazy\\viacep-api\\vendor\\laravel\\framework\\src\\Illuminate\\Foundation\\Console\\Kernel.php(196): Symfony\\Component\\Console\\Application->run()
#24 C:\\Users\\frank\\backend-cep-increazy\\viacep-api\\vendor\\laravel\\framework\\src\\Illuminate\\Foundation\\Application.php(1203): Illuminate\\Foundation\\Console\\Kernel->handle()
#25 C:\\Users\\frank\\backend-cep-increazy\\viacep-api\\artisan(13): Illuminate\\Foundation\\Application->handleCommand()
#26 {main}
"} 
[2024-07-19 16:02:32] development.ERROR: Required @OA\Info() not found {"exception":"[object] (ErrorException(code: 0): Required @OA\\Info() not found at C:\\Users\\frank\\backend-cep-increazy\\viacep-api\\vendor\\zircote\\swagger-php\\src\\Loggers\\DefaultLogger.php:31)
[stacktrace]
#0 C:\\Users\\frank\\backend-cep-increazy\\viacep-api\\vendor\\laravel\\framework\\src\\Illuminate\\Foundation\\Bootstrap\\HandleExceptions.php(256): Illuminate\\Foundation\\Bootstrap\\HandleExceptions->handleError()
#1 [internal function]: Illuminate\\Foundation\\Bootstrap\\HandleExceptions->Illuminate\\Foundation\\Bootstrap\\{closure}()
#2 C:\\Users\\frank\\backend-cep-increazy\\viacep-api\\vendor\\zircote\\swagger-php\\src\\Loggers\\DefaultLogger.php(31): trigger_error()
#3 C:\\Users\\frank\\backend-cep-increazy\\viacep-api\\vendor\\psr\\log\\src\\LoggerTrait.php(86): OpenApi\\Loggers\\DefaultLogger->log()
#4 C:\\Users\\frank\\backend-cep-increazy\\viacep-api\\vendor\\zircote\\swagger-php\\src\\Annotations\\AbstractAnnotation.php(532): Psr\\Log\\AbstractLogger->warning()
#5 C:\\Users\\frank\\backend-cep-increazy\\viacep-api\\vendor\\zircote\\swagger-php\\src\\Annotations\\OpenApi.php(170): OpenApi\\Annotations\\AbstractAnnotation->validate()
#6 C:\\Users\\frank\\backend-cep-increazy\\viacep-api\\vendor\\zircote\\swagger-php\\src\\Analysis.php(440): OpenApi\\Annotations\\OpenApi->validate()
#7 C:\\Users\\frank\\backend-cep-increazy\\viacep-api\\vendor\\zircote\\swagger-php\\src\\Generator.php(520): OpenApi\\Analysis->validate()
#8 C:\\Users\\frank\\backend-cep-increazy\\viacep-api\\vendor\\darkaonline\\l5-swagger\\src\\Generator.php(191): OpenApi\\Generator->generate()
#9 C:\\Users\\frank\\backend-cep-increazy\\viacep-api\\vendor\\darkaonline\\l5-swagger\\src\\Generator.php(132): L5Swagger\\Generator->scanFilesForDocumentation()
#10 C:\\Users\\frank\\backend-cep-increazy\\viacep-api\\vendor\\darkaonline\\l5-swagger\\src\\Console\\GenerateDocsCommand.php(72): L5Swagger\\Generator->generateDocs()
#11 C:\\Users\\frank\\backend-cep-increazy\\viacep-api\\vendor\\darkaonline\\l5-swagger\\src\\Console\\GenerateDocsCommand.php(58): L5Swagger\\Console\\GenerateDocsCommand->generateDocumentation()
#12 C:\\Users\\frank\\backend-cep-increazy\\viacep-api\\vendor\\laravel\\framework\\src\\Illuminate\\Container\\BoundMethod.php(36): L5Swagger\\Console\\GenerateDocsCommand->handle()
#13 C:\\Users\\frank\\backend-cep-increazy\\viacep-api\\vendor\\laravel\\framework\\src\\Illuminate\\Container\\Util.php(41): Illuminate\\Container\\BoundMethod::Illuminate\\Container\\{closure}()
#14 C:\\Users\\frank\\backend-cep-increazy\\viacep-api\\vendor\\laravel\\framework\\src\\Illuminate\\Container\\BoundMethod.php(93): Illuminate\\Container\\Util::unwrapIfClosure()
#15 C:\\Users\\frank\\backend-cep-increazy\\viacep-api\\vendor\\laravel\\framework\\src\\Illuminate\\Container\\BoundMethod.php(35): Illuminate\\Container\\BoundMethod::callBoundMethod()
#16 C:\\Users\\frank\\backend-cep-increazy\\viacep-api\\vendor\\laravel\\framework\\src\\Illuminate\\Container\\Container.php(690): Illuminate\\Container\\BoundMethod::call()
#17 C:\\Users\\frank\\backend-cep-increazy\\viacep-api\\vendor\\laravel\\framework\\src\\Illuminate\\Console\\Command.php(213): Illuminate\\Container\\Container->call()
#18 C:\\Users\\frank\\backend-cep-increazy\\viacep-api\\vendor\\symfony\\console\\Command\\Command.php(279): Illuminate\\Console\\Command->execute()
#19 C:\\Users\\frank\\backend-cep-increazy\\viacep-api\\vendor\\laravel\\framework\\src\\Illuminate\\Console\\Command.php(182): Symfony\\Component\\Console\\Command\\Command->run()
#20 C:\\Users\\frank\\backend-cep-increazy\\viacep-api\\vendor\\symfony\\console\\Application.php(1047): Illuminate\\Console\\Command->run()
#21 C:\\Users\\frank\\backend-cep-increazy\\viacep-api\\vendor\\symfony\\console\\Application.php(316): Symfony\\Component\\Console\\Application->doRunCommand()
#22 C:\\Users\\frank\\backend-cep-increazy\\viacep-api\\vendor\\symfony\\console\\Application.php(167): Symfony\\Component\\Console\\Application->doRun()
#23 C:\\Users\\frank\\backend-cep-increazy\\viacep-api\\vendor\\laravel\\framework\\src\\Illuminate\\Foundation\\Console\\Kernel.php(196): Symfony\\Component\\Console\\Application->run()
#24 C:\\Users\\frank\\backend-cep-increazy\\viacep-api\\vendor\\laravel\\framework\\src\\Illuminate\\Foundation\\Application.php(1203): Illuminate\\Foundation\\Console\\Kernel->handle()
#25 C:\\Users\\frank\\backend-cep-increazy\\viacep-api\\artisan(13): Illuminate\\Foundation\\Application->handleCommand()
#26 {main}
"} 
[2024-07-19 16:06:13] development.ERROR: Required @OA\Info() not found {"exception":"[object] (ErrorException(code: 0): Required @OA\\Info() not found at C:\\Users\\frank\\backend-cep-increazy\\viacep-api\\vendor\\zircote\\swagger-php\\src\\Loggers\\DefaultLogger.php:31)
[stacktrace]
#0 C:\\Users\\frank\\backend-cep-increazy\\viacep-api\\vendor\\laravel\\framework\\src\\Illuminate\\Foundation\\Bootstrap\\HandleExceptions.php(256): Illuminate\\Foundation\\Bootstrap\\HandleExceptions->handleError()
#1 [internal function]: Illuminate\\Foundation\\Bootstrap\\HandleExceptions->Illuminate\\Foundation\\Bootstrap\\{closure}()
#2 C:\\Users\\frank\\backend-cep-increazy\\viacep-api\\vendor\\zircote\\swagger-php\\src\\Loggers\\DefaultLogger.php(31): trigger_error()
#3 C:\\Users\\frank\\backend-cep-increazy\\viacep-api\\vendor\\psr\\log\\src\\LoggerTrait.php(86): OpenApi\\Loggers\\DefaultLogger->log()
#4 C:\\Users\\frank\\backend-cep-increazy\\viacep-api\\vendor\\zircote\\swagger-php\\src\\Annotations\\AbstractAnnotation.php(532): Psr\\Log\\AbstractLogger->warning()
#5 C:\\Users\\frank\\backend-cep-increazy\\viacep-api\\vendor\\zircote\\swagger-php\\src\\Annotations\\OpenApi.php(170): OpenApi\\Annotations\\AbstractAnnotation->validate()
#6 C:\\Users\\frank\\backend-cep-increazy\\viacep-api\\vendor\\zircote\\swagger-php\\src\\Analysis.php(440): OpenApi\\Annotations\\OpenApi->validate()
#7 C:\\Users\\frank\\backend-cep-increazy\\viacep-api\\vendor\\zircote\\swagger-php\\src\\Generator.php(520): OpenApi\\Analysis->validate()
#8 C:\\Users\\frank\\backend-cep-increazy\\viacep-api\\vendor\\darkaonline\\l5-swagger\\src\\Generator.php(191): OpenApi\\Generator->generate()
#9 C:\\Users\\frank\\backend-cep-increazy\\viacep-api\\vendor\\darkaonline\\l5-swagger\\src\\Generator.php(132): L5Swagger\\Generator->scanFilesForDocumentation()
#10 C:\\Users\\frank\\backend-cep-increazy\\viacep-api\\vendor\\darkaonline\\l5-swagger\\src\\Console\\GenerateDocsCommand.php(72): L5Swagger\\Generator->generateDocs()
#11 C:\\Users\\frank\\backend-cep-increazy\\viacep-api\\vendor\\darkaonline\\l5-swagger\\src\\Console\\GenerateDocsCommand.php(58): L5Swagger\\Console\\GenerateDocsCommand->generateDocumentation()
#12 C:\\Users\\frank\\backend-cep-increazy\\viacep-api\\vendor\\laravel\\framework\\src\\Illuminate\\Container\\BoundMethod.php(36): L5Swagger\\Console\\GenerateDocsCommand->handle()
#13 C:\\Users\\frank\\backend-cep-increazy\\viacep-api\\vendor\\laravel\\framework\\src\\Illuminate\\Container\\Util.php(41): Illuminate\\Container\\BoundMethod::Illuminate\\Container\\{closure}()
#14 C:\\Users\\frank\\backend-cep-increazy\\viacep-api\\vendor\\laravel\\framework\\src\\Illuminate\\Container\\BoundMethod.php(93): Illuminate\\Container\\Util::unwrapIfClosure()
#15 C:\\Users\\frank\\backend-cep-increazy\\viacep-api\\vendor\\laravel\\framework\\src\\Illuminate\\Container\\BoundMethod.php(35): Illuminate\\Container\\BoundMethod::callBoundMethod()
#16 C:\\Users\\frank\\backend-cep-increazy\\viacep-api\\vendor\\laravel\\framework\\src\\Illuminate\\Container\\Container.php(690): Illuminate\\Container\\BoundMethod::call()
#17 C:\\Users\\frank\\backend-cep-increazy\\viacep-api\\vendor\\laravel\\framework\\src\\Illuminate\\Console\\Command.php(213): Illuminate\\Container\\Container->call()
#18 C:\\Users\\frank\\backend-cep-increazy\\viacep-api\\vendor\\symfony\\console\\Command\\Command.php(279): Illuminate\\Console\\Command->execute()
#19 C:\\Users\\frank\\backend-cep-increazy\\viacep-api\\vendor\\laravel\\framework\\src\\Illuminate\\Console\\Command.php(182): Symfony\\Component\\Console\\Command\\Command->run()
#20 C:\\Users\\frank\\backend-cep-increazy\\viacep-api\\vendor\\symfony\\console\\Application.php(1047): Illuminate\\Console\\Command->run()
#21 C:\\Users\\frank\\backend-cep-increazy\\viacep-api\\vendor\\symfony\\console\\Application.php(316): Symfony\\Component\\Console\\Application->doRunCommand()
#22 C:\\Users\\frank\\backend-cep-increazy\\viacep-api\\vendor\\symfony\\console\\Application.php(167): Symfony\\Component\\Console\\Application->doRun()
#23 C:\\Users\\frank\\backend-cep-increazy\\viacep-api\\vendor\\laravel\\framework\\src\\Illuminate\\Foundation\\Console\\Kernel.php(196): Symfony\\Component\\Console\\Application->run()
#24 C:\\Users\\frank\\backend-cep-increazy\\viacep-api\\vendor\\laravel\\framework\\src\\Illuminate\\Foundation\\Application.php(1203): Illuminate\\Foundation\\Console\\Kernel->handle()
#25 C:\\Users\\frank\\backend-cep-increazy\\viacep-api\\artisan(13): Illuminate\\Foundation\\Application->handleCommand()
#26 {main}
"} 
[2024-07-19 16:06:51] development.ERROR: Required @OA\Info() not found {"exception":"[object] (ErrorException(code: 0): Required @OA\\Info() not found at C:\\Users\\frank\\backend-cep-increazy\\viacep-api\\vendor\\zircote\\swagger-php\\src\\Loggers\\DefaultLogger.php:31)
[stacktrace]
#0 C:\\Users\\frank\\backend-cep-increazy\\viacep-api\\vendor\\laravel\\framework\\src\\Illuminate\\Foundation\\Bootstrap\\HandleExceptions.php(256): Illuminate\\Foundation\\Bootstrap\\HandleExceptions->handleError()
#1 [internal function]: Illuminate\\Foundation\\Bootstrap\\HandleExceptions->Illuminate\\Foundation\\Bootstrap\\{closure}()
#2 C:\\Users\\frank\\backend-cep-increazy\\viacep-api\\vendor\\zircote\\swagger-php\\src\\Loggers\\DefaultLogger.php(31): trigger_error()
#3 C:\\Users\\frank\\backend-cep-increazy\\viacep-api\\vendor\\psr\\log\\src\\LoggerTrait.php(86): OpenApi\\Loggers\\DefaultLogger->log()
#4 C:\\Users\\frank\\backend-cep-increazy\\viacep-api\\vendor\\zircote\\swagger-php\\src\\Annotations\\AbstractAnnotation.php(532): Psr\\Log\\AbstractLogger->warning()
#5 C:\\Users\\frank\\backend-cep-increazy\\viacep-api\\vendor\\zircote\\swagger-php\\src\\Annotations\\OpenApi.php(170): OpenApi\\Annotations\\AbstractAnnotation->validate()
#6 C:\\Users\\frank\\backend-cep-increazy\\viacep-api\\vendor\\zircote\\swagger-php\\src\\Analysis.php(440): OpenApi\\Annotations\\OpenApi->validate()
#7 C:\\Users\\frank\\backend-cep-increazy\\viacep-api\\vendor\\zircote\\swagger-php\\src\\Generator.php(520): OpenApi\\Analysis->validate()
#8 C:\\Users\\frank\\backend-cep-increazy\\viacep-api\\vendor\\darkaonline\\l5-swagger\\src\\Generator.php(191): OpenApi\\Generator->generate()
#9 C:\\Users\\frank\\backend-cep-increazy\\viacep-api\\vendor\\darkaonline\\l5-swagger\\src\\Generator.php(132): L5Swagger\\Generator->scanFilesForDocumentation()
#10 C:\\Users\\frank\\backend-cep-increazy\\viacep-api\\vendor\\darkaonline\\l5-swagger\\src\\Console\\GenerateDocsCommand.php(72): L5Swagger\\Generator->generateDocs()
#11 C:\\Users\\frank\\backend-cep-increazy\\viacep-api\\vendor\\darkaonline\\l5-swagger\\src\\Console\\GenerateDocsCommand.php(58): L5Swagger\\Console\\GenerateDocsCommand->generateDocumentation()
#12 C:\\Users\\frank\\backend-cep-increazy\\viacep-api\\vendor\\laravel\\framework\\src\\Illuminate\\Container\\BoundMethod.php(36): L5Swagger\\Console\\GenerateDocsCommand->handle()
#13 C:\\Users\\frank\\backend-cep-increazy\\viacep-api\\vendor\\laravel\\framework\\src\\Illuminate\\Container\\Util.php(41): Illuminate\\Container\\BoundMethod::Illuminate\\Container\\{closure}()
#14 C:\\Users\\frank\\backend-cep-increazy\\viacep-api\\vendor\\laravel\\framework\\src\\Illuminate\\Container\\BoundMethod.php(93): Illuminate\\Container\\Util::unwrapIfClosure()
#15 C:\\Users\\frank\\backend-cep-increazy\\viacep-api\\vendor\\laravel\\framework\\src\\Illuminate\\Container\\BoundMethod.php(35): Illuminate\\Container\\BoundMethod::callBoundMethod()
#16 C:\\Users\\frank\\backend-cep-increazy\\viacep-api\\vendor\\laravel\\framework\\src\\Illuminate\\Container\\Container.php(690): Illuminate\\Container\\BoundMethod::call()
#17 C:\\Users\\frank\\backend-cep-increazy\\viacep-api\\vendor\\laravel\\framework\\src\\Illuminate\\Console\\Command.php(213): Illuminate\\Container\\Container->call()
#18 C:\\Users\\frank\\backend-cep-increazy\\viacep-api\\vendor\\symfony\\console\\Command\\Command.php(279): Illuminate\\Console\\Command->execute()
#19 C:\\Users\\frank\\backend-cep-increazy\\viacep-api\\vendor\\laravel\\framework\\src\\Illuminate\\Console\\Command.php(182): Symfony\\Component\\Console\\Command\\Command->run()
#20 C:\\Users\\frank\\backend-cep-increazy\\viacep-api\\vendor\\symfony\\console\\Application.php(1047): Illuminate\\Console\\Command->run()
#21 C:\\Users\\frank\\backend-cep-increazy\\viacep-api\\vendor\\symfony\\console\\Application.php(316): Symfony\\Component\\Console\\Application->doRunCommand()
#22 C:\\Users\\frank\\backend-cep-increazy\\viacep-api\\vendor\\symfony\\console\\Application.php(167): Symfony\\Component\\Console\\Application->doRun()
#23 C:\\Users\\frank\\backend-cep-increazy\\viacep-api\\vendor\\laravel\\framework\\src\\Illuminate\\Foundation\\Console\\Kernel.php(196): Symfony\\Component\\Console\\Application->run()
#24 C:\\Users\\frank\\backend-cep-increazy\\viacep-api\\vendor\\laravel\\framework\\src\\Illuminate\\Foundation\\Application.php(1203): Illuminate\\Foundation\\Console\\Kernel->handle()
#25 C:\\Users\\frank\\backend-cep-increazy\\viacep-api\\artisan(13): Illuminate\\Foundation\\Application->handleCommand()
#26 {main}
"} 
[2024-07-19 16:10:03] development.ERROR: Required @OA\Info() not found {"exception":"[object] (ErrorException(code: 0): Required @OA\\Info() not found at C:\\Users\\frank\\backend-cep-increazy\\viacep-api\\vendor\\zircote\\swagger-php\\src\\Loggers\\DefaultLogger.php:31)
[stacktrace]
#0 C:\\Users\\frank\\backend-cep-increazy\\viacep-api\\vendor\\laravel\\framework\\src\\Illuminate\\Foundation\\Bootstrap\\HandleExceptions.php(256): Illuminate\\Foundation\\Bootstrap\\HandleExceptions->handleError()
#1 [internal function]: Illuminate\\Foundation\\Bootstrap\\HandleExceptions->Illuminate\\Foundation\\Bootstrap\\{closure}()
#2 C:\\Users\\frank\\backend-cep-increazy\\viacep-api\\vendor\\zircote\\swagger-php\\src\\Loggers\\DefaultLogger.php(31): trigger_error()
#3 C:\\Users\\frank\\backend-cep-increazy\\viacep-api\\vendor\\psr\\log\\src\\LoggerTrait.php(86): OpenApi\\Loggers\\DefaultLogger->log()
#4 C:\\Users\\frank\\backend-cep-increazy\\viacep-api\\vendor\\zircote\\swagger-php\\src\\Annotations\\AbstractAnnotation.php(532): Psr\\Log\\AbstractLogger->warning()
#5 C:\\Users\\frank\\backend-cep-increazy\\viacep-api\\vendor\\zircote\\swagger-php\\src\\Annotations\\OpenApi.php(170): OpenApi\\Annotations\\AbstractAnnotation->validate()
#6 C:\\Users\\frank\\backend-cep-increazy\\viacep-api\\vendor\\zircote\\swagger-php\\src\\Analysis.php(440): OpenApi\\Annotations\\OpenApi->validate()
#7 C:\\Users\\frank\\backend-cep-increazy\\viacep-api\\vendor\\zircote\\swagger-php\\src\\Generator.php(520): OpenApi\\Analysis->validate()
#8 C:\\Users\\frank\\backend-cep-increazy\\viacep-api\\vendor\\darkaonline\\l5-swagger\\src\\Generator.php(191): OpenApi\\Generator->generate()
#9 C:\\Users\\frank\\backend-cep-increazy\\viacep-api\\vendor\\darkaonline\\l5-swagger\\src\\Generator.php(132): L5Swagger\\Generator->scanFilesForDocumentation()
#10 C:\\Users\\frank\\backend-cep-increazy\\viacep-api\\vendor\\darkaonline\\l5-swagger\\src\\Console\\GenerateDocsCommand.php(72): L5Swagger\\Generator->generateDocs()
#11 C:\\Users\\frank\\backend-cep-increazy\\viacep-api\\vendor\\darkaonline\\l5-swagger\\src\\Console\\GenerateDocsCommand.php(58): L5Swagger\\Console\\GenerateDocsCommand->generateDocumentation()
#12 C:\\Users\\frank\\backend-cep-increazy\\viacep-api\\vendor\\laravel\\framework\\src\\Illuminate\\Container\\BoundMethod.php(36): L5Swagger\\Console\\GenerateDocsCommand->handle()
#13 C:\\Users\\frank\\backend-cep-increazy\\viacep-api\\vendor\\laravel\\framework\\src\\Illuminate\\Container\\Util.php(41): Illuminate\\Container\\BoundMethod::Illuminate\\Container\\{closure}()
#14 C:\\Users\\frank\\backend-cep-increazy\\viacep-api\\vendor\\laravel\\framework\\src\\Illuminate\\Container\\BoundMethod.php(93): Illuminate\\Container\\Util::unwrapIfClosure()
#15 C:\\Users\\frank\\backend-cep-increazy\\viacep-api\\vendor\\laravel\\framework\\src\\Illuminate\\Container\\BoundMethod.php(35): Illuminate\\Container\\BoundMethod::callBoundMethod()
#16 C:\\Users\\frank\\backend-cep-increazy\\viacep-api\\vendor\\laravel\\framework\\src\\Illuminate\\Container\\Container.php(690): Illuminate\\Container\\BoundMethod::call()
#17 C:\\Users\\frank\\backend-cep-increazy\\viacep-api\\vendor\\laravel\\framework\\src\\Illuminate\\Console\\Command.php(213): Illuminate\\Container\\Container->call()
#18 C:\\Users\\frank\\backend-cep-increazy\\viacep-api\\vendor\\symfony\\console\\Command\\Command.php(279): Illuminate\\Console\\Command->execute()
#19 C:\\Users\\frank\\backend-cep-increazy\\viacep-api\\vendor\\laravel\\framework\\src\\Illuminate\\Console\\Command.php(182): Symfony\\Component\\Console\\Command\\Command->run()
#20 C:\\Users\\frank\\backend-cep-increazy\\viacep-api\\vendor\\symfony\\console\\Application.php(1047): Illuminate\\Console\\Command->run()
#21 C:\\Users\\frank\\backend-cep-increazy\\viacep-api\\vendor\\symfony\\console\\Application.php(316): Symfony\\Component\\Console\\Application->doRunCommand()
#22 C:\\Users\\frank\\backend-cep-increazy\\viacep-api\\vendor\\symfony\\console\\Application.php(167): Symfony\\Component\\Console\\Application->doRun()
#23 C:\\Users\\frank\\backend-cep-increazy\\viacep-api\\vendor\\laravel\\framework\\src\\Illuminate\\Foundation\\Console\\Kernel.php(196): Symfony\\Component\\Console\\Application->run()
#24 C:\\Users\\frank\\backend-cep-increazy\\viacep-api\\vendor\\laravel\\framework\\src\\Illuminate\\Foundation\\Application.php(1203): Illuminate\\Foundation\\Console\\Kernel->handle()
#25 C:\\Users\\frank\\backend-cep-increazy\\viacep-api\\artisan(13): Illuminate\\Foundation\\Application->handleCommand()
#26 {main}
"} 
[2024-07-19 16:15:37] development.ERROR: Undefined array key "docs" {"exception":"[object] (ErrorException(code: 0): Undefined array key \"docs\" at C:\\Users\\frank\\backend-cep-increazy\\viacep-api\\vendor\\darkaonline\\l5-swagger\\src\\Generator.php:112)
[stacktrace]
#0 C:\\Users\\frank\\backend-cep-increazy\\viacep-api\\vendor\\laravel\\framework\\src\\Illuminate\\Foundation\\Bootstrap\\HandleExceptions.php(256): Illuminate\\Foundation\\Bootstrap\\HandleExceptions->handleError()
#1 C:\\Users\\frank\\backend-cep-increazy\\viacep-api\\vendor\\darkaonline\\l5-swagger\\src\\Generator.php(112): Illuminate\\Foundation\\Bootstrap\\HandleExceptions->Illuminate\\Foundation\\Bootstrap\\{closure}()
#2 C:\\Users\\frank\\backend-cep-increazy\\viacep-api\\vendor\\darkaonline\\l5-swagger\\src\\GeneratorFactory.php(41): L5Swagger\\Generator->__construct()
#3 C:\\Users\\frank\\backend-cep-increazy\\viacep-api\\vendor\\darkaonline\\l5-swagger\\src\\Console\\GenerateDocsCommand.php(71): L5Swagger\\GeneratorFactory->make()
#4 C:\\Users\\frank\\backend-cep-increazy\\viacep-api\\vendor\\darkaonline\\l5-swagger\\src\\Console\\GenerateDocsCommand.php(58): L5Swagger\\Console\\GenerateDocsCommand->generateDocumentation()
#5 C:\\Users\\frank\\backend-cep-increazy\\viacep-api\\vendor\\laravel\\framework\\src\\Illuminate\\Container\\BoundMethod.php(36): L5Swagger\\Console\\GenerateDocsCommand->handle()
#6 C:\\Users\\frank\\backend-cep-increazy\\viacep-api\\vendor\\laravel\\framework\\src\\Illuminate\\Container\\Util.php(41): Illuminate\\Container\\BoundMethod::Illuminate\\Container\\{closure}()
#7 C:\\Users\\frank\\backend-cep-increazy\\viacep-api\\vendor\\laravel\\framework\\src\\Illuminate\\Container\\BoundMethod.php(93): Illuminate\\Container\\Util::unwrapIfClosure()
#8 C:\\Users\\frank\\backend-cep-increazy\\viacep-api\\vendor\\laravel\\framework\\src\\Illuminate\\Container\\BoundMethod.php(35): Illuminate\\Container\\BoundMethod::callBoundMethod()
#9 C:\\Users\\frank\\backend-cep-increazy\\viacep-api\\vendor\\laravel\\framework\\src\\Illuminate\\Container\\Container.php(690): Illuminate\\Container\\BoundMethod::call()
#10 C:\\Users\\frank\\backend-cep-increazy\\viacep-api\\vendor\\laravel\\framework\\src\\Illuminate\\Console\\Command.php(213): Illuminate\\Container\\Container->call()
#11 C:\\Users\\frank\\backend-cep-increazy\\viacep-api\\vendor\\symfony\\console\\Command\\Command.php(279): Illuminate\\Console\\Command->execute()
#12 C:\\Users\\frank\\backend-cep-increazy\\viacep-api\\vendor\\laravel\\framework\\src\\Illuminate\\Console\\Command.php(182): Symfony\\Component\\Console\\Command\\Command->run()
#13 C:\\Users\\frank\\backend-cep-increazy\\viacep-api\\vendor\\symfony\\console\\Application.php(1047): Illuminate\\Console\\Command->run()
#14 C:\\Users\\frank\\backend-cep-increazy\\viacep-api\\vendor\\symfony\\console\\Application.php(316): Symfony\\Component\\Console\\Application->doRunCommand()
#15 C:\\Users\\frank\\backend-cep-increazy\\viacep-api\\vendor\\symfony\\console\\Application.php(167): Symfony\\Component\\Console\\Application->doRun()
#16 C:\\Users\\frank\\backend-cep-increazy\\viacep-api\\vendor\\laravel\\framework\\src\\Illuminate\\Foundation\\Console\\Kernel.php(196): Symfony\\Component\\Console\\Application->run()
#17 C:\\Users\\frank\\backend-cep-increazy\\viacep-api\\vendor\\laravel\\framework\\src\\Illuminate\\Foundation\\Application.php(1203): Illuminate\\Foundation\\Console\\Kernel->handle()
#18 C:\\Users\\frank\\backend-cep-increazy\\viacep-api\\artisan(13): Illuminate\\Foundation\\Application->handleCommand()
#19 {main}
"} 
[2024-07-19 16:19:29] development.ERROR: Class "Fideloper\Proxy\TrustProxies" not found {"exception":"[object] (Error(code: 0): Class \"Fideloper\\Proxy\\TrustProxies\" not found at C:\\Users\\frank\\backend-cep-increazy\\viacep-api\\app\\Http\\Middleware\\TrustProxies.php:8)
[stacktrace]
#0 C:\\Users\\frank\\backend-cep-increazy\\viacep-api\\vendor\\composer\\ClassLoader.php(576): include()
#1 C:\\Users\\frank\\backend-cep-increazy\\viacep-api\\vendor\\composer\\ClassLoader.php(427): Composer\\Autoload\\{closure}()
#2 [internal function]: Composer\\Autoload\\ClassLoader->loadClass()
#3 C:\\Users\\frank\\backend-cep-increazy\\viacep-api\\vendor\\zircote\\swagger-php\\src\\Analysers\\ReflectionAnalyser.php(88): class_exists()
#4 C:\\Users\\frank\\backend-cep-increazy\\viacep-api\\vendor\\zircote\\swagger-php\\src\\Analysers\\ReflectionAnalyser.php(63): OpenApi\\Analysers\\ReflectionAnalyser->analyzeFqdn()
#5 C:\\Users\\frank\\backend-cep-increazy\\viacep-api\\vendor\\zircote\\swagger-php\\src\\Generator.php(546): OpenApi\\Analysers\\ReflectionAnalyser->fromFile()
#6 C:\\Users\\frank\\backend-cep-increazy\\viacep-api\\vendor\\zircote\\swagger-php\\src\\Generator.php(506): OpenApi\\Generator->scanSources()
#7 C:\\Users\\frank\\backend-cep-increazy\\viacep-api\\vendor\\darkaonline\\l5-swagger\\src\\Generator.php(191): OpenApi\\Generator->generate()
#8 C:\\Users\\frank\\backend-cep-increazy\\viacep-api\\vendor\\darkaonline\\l5-swagger\\src\\Generator.php(132): L5Swagger\\Generator->scanFilesForDocumentation()
#9 C:\\Users\\frank\\backend-cep-increazy\\viacep-api\\vendor\\darkaonline\\l5-swagger\\src\\Console\\GenerateDocsCommand.php(72): L5Swagger\\Generator->generateDocs()
#10 C:\\Users\\frank\\backend-cep-increazy\\viacep-api\\vendor\\darkaonline\\l5-swagger\\src\\Console\\GenerateDocsCommand.php(58): L5Swagger\\Console\\GenerateDocsCommand->generateDocumentation()
#11 C:\\Users\\frank\\backend-cep-increazy\\viacep-api\\vendor\\laravel\\framework\\src\\Illuminate\\Container\\BoundMethod.php(36): L5Swagger\\Console\\GenerateDocsCommand->handle()
#12 C:\\Users\\frank\\backend-cep-increazy\\viacep-api\\vendor\\laravel\\framework\\src\\Illuminate\\Container\\Util.php(41): Illuminate\\Container\\BoundMethod::Illuminate\\Container\\{closure}()
#13 C:\\Users\\frank\\backend-cep-increazy\\viacep-api\\vendor\\laravel\\framework\\src\\Illuminate\\Container\\BoundMethod.php(93): Illuminate\\Container\\Util::unwrapIfClosure()
#14 C:\\Users\\frank\\backend-cep-increazy\\viacep-api\\vendor\\laravel\\framework\\src\\Illuminate\\Container\\BoundMethod.php(35): Illuminate\\Container\\BoundMethod::callBoundMethod()
#15 C:\\Users\\frank\\backend-cep-increazy\\viacep-api\\vendor\\laravel\\framework\\src\\Illuminate\\Container\\Container.php(690): Illuminate\\Container\\BoundMethod::call()
#16 C:\\Users\\frank\\backend-cep-increazy\\viacep-api\\vendor\\laravel\\framework\\src\\Illuminate\\Console\\Command.php(213): Illuminate\\Container\\Container->call()
#17 C:\\Users\\frank\\backend-cep-increazy\\viacep-api\\vendor\\symfony\\console\\Command\\Command.php(279): Illuminate\\Console\\Command->execute()
#18 C:\\Users\\frank\\backend-cep-increazy\\viacep-api\\vendor\\laravel\\framework\\src\\Illuminate\\Console\\Command.php(182): Symfony\\Component\\Console\\Command\\Command->run()
#19 C:\\Users\\frank\\backend-cep-increazy\\viacep-api\\vendor\\symfony\\console\\Application.php(1047): Illuminate\\Console\\Command->run()
#20 C:\\Users\\frank\\backend-cep-increazy\\viacep-api\\vendor\\symfony\\console\\Application.php(316): Symfony\\Component\\Console\\Application->doRunCommand()
#21 C:\\Users\\frank\\backend-cep-increazy\\viacep-api\\vendor\\symfony\\console\\Application.php(167): Symfony\\Component\\Console\\Application->doRun()
#22 C:\\Users\\frank\\backend-cep-increazy\\viacep-api\\vendor\\laravel\\framework\\src\\Illuminate\\Foundation\\Console\\Kernel.php(196): Symfony\\Component\\Console\\Application->run()
#23 C:\\Users\\frank\\backend-cep-increazy\\viacep-api\\vendor\\laravel\\framework\\src\\Illuminate\\Foundation\\Application.php(1203): Illuminate\\Foundation\\Console\\Kernel->handle()
#24 C:\\Users\\frank\\backend-cep-increazy\\viacep-api\\artisan(13): Illuminate\\Foundation\\Application->handleCommand()
#25 {main}
"} 
[2024-07-19 16:20:13] development.ERROR: Class "Fideloper\Proxy\TrustProxies" not found {"exception":"[object] (Error(code: 0): Class \"Fideloper\\Proxy\\TrustProxies\" not found at C:\\Users\\frank\\backend-cep-increazy\\viacep-api\\app\\Http\\Middleware\\TrustProxies.php:8)
[stacktrace]
#0 C:\\Users\\frank\\backend-cep-increazy\\viacep-api\\vendor\\composer\\ClassLoader.php(576): include()
#1 C:\\Users\\frank\\backend-cep-increazy\\viacep-api\\vendor\\composer\\ClassLoader.php(427): Composer\\Autoload\\{closure}()
#2 [internal function]: Composer\\Autoload\\ClassLoader->loadClass()
#3 C:\\Users\\frank\\backend-cep-increazy\\viacep-api\\vendor\\zircote\\swagger-php\\src\\Analysers\\ReflectionAnalyser.php(88): class_exists()
#4 C:\\Users\\frank\\backend-cep-increazy\\viacep-api\\vendor\\zircote\\swagger-php\\src\\Analysers\\ReflectionAnalyser.php(63): OpenApi\\Analysers\\ReflectionAnalyser->analyzeFqdn()
#5 C:\\Users\\frank\\backend-cep-increazy\\viacep-api\\vendor\\zircote\\swagger-php\\src\\Generator.php(546): OpenApi\\Analysers\\ReflectionAnalyser->fromFile()
#6 C:\\Users\\frank\\backend-cep-increazy\\viacep-api\\vendor\\zircote\\swagger-php\\src\\Generator.php(506): OpenApi\\Generator->scanSources()
#7 C:\\Users\\frank\\backend-cep-increazy\\viacep-api\\vendor\\darkaonline\\l5-swagger\\src\\Generator.php(191): OpenApi\\Generator->generate()
#8 C:\\Users\\frank\\backend-cep-increazy\\viacep-api\\vendor\\darkaonline\\l5-swagger\\src\\Generator.php(132): L5Swagger\\Generator->scanFilesForDocumentation()
#9 C:\\Users\\frank\\backend-cep-increazy\\viacep-api\\vendor\\darkaonline\\l5-swagger\\src\\Console\\GenerateDocsCommand.php(72): L5Swagger\\Generator->generateDocs()
#10 C:\\Users\\frank\\backend-cep-increazy\\viacep-api\\vendor\\darkaonline\\l5-swagger\\src\\Console\\GenerateDocsCommand.php(58): L5Swagger\\Console\\GenerateDocsCommand->generateDocumentation()
#11 C:\\Users\\frank\\backend-cep-increazy\\viacep-api\\vendor\\laravel\\framework\\src\\Illuminate\\Container\\BoundMethod.php(36): L5Swagger\\Console\\GenerateDocsCommand->handle()
#12 C:\\Users\\frank\\backend-cep-increazy\\viacep-api\\vendor\\laravel\\framework\\src\\Illuminate\\Container\\Util.php(41): Illuminate\\Container\\BoundMethod::Illuminate\\Container\\{closure}()
#13 C:\\Users\\frank\\backend-cep-increazy\\viacep-api\\vendor\\laravel\\framework\\src\\Illuminate\\Container\\BoundMethod.php(93): Illuminate\\Container\\Util::unwrapIfClosure()
#14 C:\\Users\\frank\\backend-cep-increazy\\viacep-api\\vendor\\laravel\\framework\\src\\Illuminate\\Container\\BoundMethod.php(35): Illuminate\\Container\\BoundMethod::callBoundMethod()
#15 C:\\Users\\frank\\backend-cep-increazy\\viacep-api\\vendor\\laravel\\framework\\src\\Illuminate\\Container\\Container.php(690): Illuminate\\Container\\BoundMethod::call()
#16 C:\\Users\\frank\\backend-cep-increazy\\viacep-api\\vendor\\laravel\\framework\\src\\Illuminate\\Console\\Command.php(213): Illuminate\\Container\\Container->call()
#17 C:\\Users\\frank\\backend-cep-increazy\\viacep-api\\vendor\\symfony\\console\\Command\\Command.php(279): Illuminate\\Console\\Command->execute()
#18 C:\\Users\\frank\\backend-cep-increazy\\viacep-api\\vendor\\laravel\\framework\\src\\Illuminate\\Console\\Command.php(182): Symfony\\Component\\Console\\Command\\Command->run()
#19 C:\\Users\\frank\\backend-cep-increazy\\viacep-api\\vendor\\symfony\\console\\Application.php(1047): Illuminate\\Console\\Command->run()
#20 C:\\Users\\frank\\backend-cep-increazy\\viacep-api\\vendor\\symfony\\console\\Application.php(316): Symfony\\Component\\Console\\Application->doRunCommand()
#21 C:\\Users\\frank\\backend-cep-increazy\\viacep-api\\vendor\\symfony\\console\\Application.php(167): Symfony\\Component\\Console\\Application->doRun()
#22 C:\\Users\\frank\\backend-cep-increazy\\viacep-api\\vendor\\laravel\\framework\\src\\Illuminate\\Foundation\\Console\\Kernel.php(196): Symfony\\Component\\Console\\Application->run()
#23 C:\\Users\\frank\\backend-cep-increazy\\viacep-api\\vendor\\laravel\\framework\\src\\Illuminate\\Foundation\\Application.php(1203): Illuminate\\Foundation\\Console\\Kernel->handle()
#24 C:\\Users\\frank\\backend-cep-increazy\\viacep-api\\artisan(13): Illuminate\\Foundation\\Application->handleCommand()
#25 {main}
"} 
[2024-07-19 16:21:58] development.ERROR: Class "Fideloper\Proxy\TrustProxies" not found {"exception":"[object] (Error(code: 0): Class \"Fideloper\\Proxy\\TrustProxies\" not found at C:\\Users\\frank\\backend-cep-increazy\\viacep-api\\app\\Http\\Middleware\\TrustProxies.php:8)
[stacktrace]
#0 C:\\Users\\frank\\backend-cep-increazy\\viacep-api\\vendor\\composer\\ClassLoader.php(576): include()
#1 C:\\Users\\frank\\backend-cep-increazy\\viacep-api\\vendor\\composer\\ClassLoader.php(427): Composer\\Autoload\\{closure}()
#2 [internal function]: Composer\\Autoload\\ClassLoader->loadClass()
#3 C:\\Users\\frank\\backend-cep-increazy\\viacep-api\\vendor\\zircote\\swagger-php\\src\\Analysers\\ReflectionAnalyser.php(88): class_exists()
#4 C:\\Users\\frank\\backend-cep-increazy\\viacep-api\\vendor\\zircote\\swagger-php\\src\\Analysers\\ReflectionAnalyser.php(63): OpenApi\\Analysers\\ReflectionAnalyser->analyzeFqdn()
#5 C:\\Users\\frank\\backend-cep-increazy\\viacep-api\\vendor\\zircote\\swagger-php\\src\\Generator.php(546): OpenApi\\Analysers\\ReflectionAnalyser->fromFile()
#6 C:\\Users\\frank\\backend-cep-increazy\\viacep-api\\vendor\\zircote\\swagger-php\\src\\Generator.php(506): OpenApi\\Generator->scanSources()
#7 C:\\Users\\frank\\backend-cep-increazy\\viacep-api\\vendor\\darkaonline\\l5-swagger\\src\\Generator.php(191): OpenApi\\Generator->generate()
#8 C:\\Users\\frank\\backend-cep-increazy\\viacep-api\\vendor\\darkaonline\\l5-swagger\\src\\Generator.php(132): L5Swagger\\Generator->scanFilesForDocumentation()
#9 C:\\Users\\frank\\backend-cep-increazy\\viacep-api\\vendor\\darkaonline\\l5-swagger\\src\\Console\\GenerateDocsCommand.php(72): L5Swagger\\Generator->generateDocs()
#10 C:\\Users\\frank\\backend-cep-increazy\\viacep-api\\vendor\\darkaonline\\l5-swagger\\src\\Console\\GenerateDocsCommand.php(58): L5Swagger\\Console\\GenerateDocsCommand->generateDocumentation()
#11 C:\\Users\\frank\\backend-cep-increazy\\viacep-api\\vendor\\laravel\\framework\\src\\Illuminate\\Container\\BoundMethod.php(36): L5Swagger\\Console\\GenerateDocsCommand->handle()
#12 C:\\Users\\frank\\backend-cep-increazy\\viacep-api\\vendor\\laravel\\framework\\src\\Illuminate\\Container\\Util.php(41): Illuminate\\Container\\BoundMethod::Illuminate\\Container\\{closure}()
#13 C:\\Users\\frank\\backend-cep-increazy\\viacep-api\\vendor\\laravel\\framework\\src\\Illuminate\\Container\\BoundMethod.php(93): Illuminate\\Container\\Util::unwrapIfClosure()
#14 C:\\Users\\frank\\backend-cep-increazy\\viacep-api\\vendor\\laravel\\framework\\src\\Illuminate\\Container\\BoundMethod.php(35): Illuminate\\Container\\BoundMethod::callBoundMethod()
#15 C:\\Users\\frank\\backend-cep-increazy\\viacep-api\\vendor\\laravel\\framework\\src\\Illuminate\\Container\\Container.php(690): Illuminate\\Container\\BoundMethod::call()
#16 C:\\Users\\frank\\backend-cep-increazy\\viacep-api\\vendor\\laravel\\framework\\src\\Illuminate\\Console\\Command.php(213): Illuminate\\Container\\Container->call()
#17 C:\\Users\\frank\\backend-cep-increazy\\viacep-api\\vendor\\symfony\\console\\Command\\Command.php(279): Illuminate\\Console\\Command->execute()
#18 C:\\Users\\frank\\backend-cep-increazy\\viacep-api\\vendor\\laravel\\framework\\src\\Illuminate\\Console\\Command.php(182): Symfony\\Component\\Console\\Command\\Command->run()
#19 C:\\Users\\frank\\backend-cep-increazy\\viacep-api\\vendor\\symfony\\console\\Application.php(1047): Illuminate\\Console\\Command->run()
#20 C:\\Users\\frank\\backend-cep-increazy\\viacep-api\\vendor\\symfony\\console\\Application.php(316): Symfony\\Component\\Console\\Application->doRunCommand()
#21 C:\\Users\\frank\\backend-cep-increazy\\viacep-api\\vendor\\symfony\\console\\Application.php(167): Symfony\\Component\\Console\\Application->doRun()
#22 C:\\Users\\frank\\backend-cep-increazy\\viacep-api\\vendor\\laravel\\framework\\src\\Illuminate\\Foundation\\Console\\Kernel.php(196): Symfony\\Component\\Console\\Application->run()
#23 C:\\Users\\frank\\backend-cep-increazy\\viacep-api\\vendor\\laravel\\framework\\src\\Illuminate\\Foundation\\Application.php(1203): Illuminate\\Foundation\\Console\\Kernel->handle()
#24 C:\\Users\\frank\\backend-cep-increazy\\viacep-api\\artisan(13): Illuminate\\Foundation\\Application->handleCommand()
#25 {main}
"} 
[2024-07-19 16:23:17] development.ERROR: Required @OA\Info() not found {"exception":"[object] (ErrorException(code: 0): Required @OA\\Info() not found at C:\\Users\\frank\\backend-cep-increazy\\viacep-api\\vendor\\zircote\\swagger-php\\src\\Loggers\\DefaultLogger.php:31)
[stacktrace]
#0 C:\\Users\\frank\\backend-cep-increazy\\viacep-api\\vendor\\laravel\\framework\\src\\Illuminate\\Foundation\\Bootstrap\\HandleExceptions.php(256): Illuminate\\Foundation\\Bootstrap\\HandleExceptions->handleError()
#1 [internal function]: Illuminate\\Foundation\\Bootstrap\\HandleExceptions->Illuminate\\Foundation\\Bootstrap\\{closure}()
#2 C:\\Users\\frank\\backend-cep-increazy\\viacep-api\\vendor\\zircote\\swagger-php\\src\\Loggers\\DefaultLogger.php(31): trigger_error()
#3 C:\\Users\\frank\\backend-cep-increazy\\viacep-api\\vendor\\psr\\log\\src\\LoggerTrait.php(86): OpenApi\\Loggers\\DefaultLogger->log()
#4 C:\\Users\\frank\\backend-cep-increazy\\viacep-api\\vendor\\zircote\\swagger-php\\src\\Annotations\\AbstractAnnotation.php(532): Psr\\Log\\AbstractLogger->warning()
#5 C:\\Users\\frank\\backend-cep-increazy\\viacep-api\\vendor\\zircote\\swagger-php\\src\\Annotations\\OpenApi.php(170): OpenApi\\Annotations\\AbstractAnnotation->validate()
#6 C:\\Users\\frank\\backend-cep-increazy\\viacep-api\\vendor\\zircote\\swagger-php\\src\\Analysis.php(440): OpenApi\\Annotations\\OpenApi->validate()
#7 C:\\Users\\frank\\backend-cep-increazy\\viacep-api\\vendor\\zircote\\swagger-php\\src\\Generator.php(520): OpenApi\\Analysis->validate()
#8 C:\\Users\\frank\\backend-cep-increazy\\viacep-api\\vendor\\darkaonline\\l5-swagger\\src\\Generator.php(191): OpenApi\\Generator->generate()
#9 C:\\Users\\frank\\backend-cep-increazy\\viacep-api\\vendor\\darkaonline\\l5-swagger\\src\\Generator.php(132): L5Swagger\\Generator->scanFilesForDocumentation()
#10 C:\\Users\\frank\\backend-cep-increazy\\viacep-api\\vendor\\darkaonline\\l5-swagger\\src\\Console\\GenerateDocsCommand.php(72): L5Swagger\\Generator->generateDocs()
#11 C:\\Users\\frank\\backend-cep-increazy\\viacep-api\\vendor\\darkaonline\\l5-swagger\\src\\Console\\GenerateDocsCommand.php(58): L5Swagger\\Console\\GenerateDocsCommand->generateDocumentation()
#12 C:\\Users\\frank\\backend-cep-increazy\\viacep-api\\vendor\\laravel\\framework\\src\\Illuminate\\Container\\BoundMethod.php(36): L5Swagger\\Console\\GenerateDocsCommand->handle()
#13 C:\\Users\\frank\\backend-cep-increazy\\viacep-api\\vendor\\laravel\\framework\\src\\Illuminate\\Container\\Util.php(41): Illuminate\\Container\\BoundMethod::Illuminate\\Container\\{closure}()
#14 C:\\Users\\frank\\backend-cep-increazy\\viacep-api\\vendor\\laravel\\framework\\src\\Illuminate\\Container\\BoundMethod.php(93): Illuminate\\Container\\Util::unwrapIfClosure()
#15 C:\\Users\\frank\\backend-cep-increazy\\viacep-api\\vendor\\laravel\\framework\\src\\Illuminate\\Container\\BoundMethod.php(35): Illuminate\\Container\\BoundMethod::callBoundMethod()
#16 C:\\Users\\frank\\backend-cep-increazy\\viacep-api\\vendor\\laravel\\framework\\src\\Illuminate\\Container\\Container.php(690): Illuminate\\Container\\BoundMethod::call()
#17 C:\\Users\\frank\\backend-cep-increazy\\viacep-api\\vendor\\laravel\\framework\\src\\Illuminate\\Console\\Command.php(213): Illuminate\\Container\\Container->call()
#18 C:\\Users\\frank\\backend-cep-increazy\\viacep-api\\vendor\\symfony\\console\\Command\\Command.php(279): Illuminate\\Console\\Command->execute()
#19 C:\\Users\\frank\\backend-cep-increazy\\viacep-api\\vendor\\laravel\\framework\\src\\Illuminate\\Console\\Command.php(182): Symfony\\Component\\Console\\Command\\Command->run()
#20 C:\\Users\\frank\\backend-cep-increazy\\viacep-api\\vendor\\symfony\\console\\Application.php(1047): Illuminate\\Console\\Command->run()
#21 C:\\Users\\frank\\backend-cep-increazy\\viacep-api\\vendor\\symfony\\console\\Application.php(316): Symfony\\Component\\Console\\Application->doRunCommand()
#22 C:\\Users\\frank\\backend-cep-increazy\\viacep-api\\vendor\\symfony\\console\\Application.php(167): Symfony\\Component\\Console\\Application->doRun()
#23 C:\\Users\\frank\\backend-cep-increazy\\viacep-api\\vendor\\laravel\\framework\\src\\Illuminate\\Foundation\\Console\\Kernel.php(196): Symfony\\Component\\Console\\Application->run()
#24 C:\\Users\\frank\\backend-cep-increazy\\viacep-api\\vendor\\laravel\\framework\\src\\Illuminate\\Foundation\\Application.php(1203): Illuminate\\Foundation\\Console\\Kernel->handle()
#25 C:\\Users\\frank\\backend-cep-increazy\\viacep-api\\artisan(13): Illuminate\\Foundation\\Application->handleCommand()
#26 {main}
"} 
[2024-07-19 16:26:00] development.ERROR: Required @OA\Info() not found {"exception":"[object] (ErrorException(code: 0): Required @OA\\Info() not found at C:\\Users\\frank\\backend-cep-increazy\\viacep-api\\vendor\\zircote\\swagger-php\\src\\Loggers\\DefaultLogger.php:31)
[stacktrace]
#0 C:\\Users\\frank\\backend-cep-increazy\\viacep-api\\vendor\\laravel\\framework\\src\\Illuminate\\Foundation\\Bootstrap\\HandleExceptions.php(256): Illuminate\\Foundation\\Bootstrap\\HandleExceptions->handleError()
#1 [internal function]: Illuminate\\Foundation\\Bootstrap\\HandleExceptions->Illuminate\\Foundation\\Bootstrap\\{closure}()
#2 C:\\Users\\frank\\backend-cep-increazy\\viacep-api\\vendor\\zircote\\swagger-php\\src\\Loggers\\DefaultLogger.php(31): trigger_error()
#3 C:\\Users\\frank\\backend-cep-increazy\\viacep-api\\vendor\\psr\\log\\src\\LoggerTrait.php(86): OpenApi\\Loggers\\DefaultLogger->log()
#4 C:\\Users\\frank\\backend-cep-increazy\\viacep-api\\vendor\\zircote\\swagger-php\\src\\Annotations\\AbstractAnnotation.php(532): Psr\\Log\\AbstractLogger->warning()
#5 C:\\Users\\frank\\backend-cep-increazy\\viacep-api\\vendor\\zircote\\swagger-php\\src\\Annotations\\OpenApi.php(170): OpenApi\\Annotations\\AbstractAnnotation->validate()
#6 C:\\Users\\frank\\backend-cep-increazy\\viacep-api\\vendor\\zircote\\swagger-php\\src\\Analysis.php(440): OpenApi\\Annotations\\OpenApi->validate()
#7 C:\\Users\\frank\\backend-cep-increazy\\viacep-api\\vendor\\zircote\\swagger-php\\src\\Generator.php(520): OpenApi\\Analysis->validate()
#8 C:\\Users\\frank\\backend-cep-increazy\\viacep-api\\vendor\\darkaonline\\l5-swagger\\src\\Generator.php(191): OpenApi\\Generator->generate()
#9 C:\\Users\\frank\\backend-cep-increazy\\viacep-api\\vendor\\darkaonline\\l5-swagger\\src\\Generator.php(132): L5Swagger\\Generator->scanFilesForDocumentation()
#10 C:\\Users\\frank\\backend-cep-increazy\\viacep-api\\vendor\\darkaonline\\l5-swagger\\src\\Console\\GenerateDocsCommand.php(72): L5Swagger\\Generator->generateDocs()
#11 C:\\Users\\frank\\backend-cep-increazy\\viacep-api\\vendor\\darkaonline\\l5-swagger\\src\\Console\\GenerateDocsCommand.php(58): L5Swagger\\Console\\GenerateDocsCommand->generateDocumentation()
#12 C:\\Users\\frank\\backend-cep-increazy\\viacep-api\\vendor\\laravel\\framework\\src\\Illuminate\\Container\\BoundMethod.php(36): L5Swagger\\Console\\GenerateDocsCommand->handle()
#13 C:\\Users\\frank\\backend-cep-increazy\\viacep-api\\vendor\\laravel\\framework\\src\\Illuminate\\Container\\Util.php(41): Illuminate\\Container\\BoundMethod::Illuminate\\Container\\{closure}()
#14 C:\\Users\\frank\\backend-cep-increazy\\viacep-api\\vendor\\laravel\\framework\\src\\Illuminate\\Container\\BoundMethod.php(93): Illuminate\\Container\\Util::unwrapIfClosure()
#15 C:\\Users\\frank\\backend-cep-increazy\\viacep-api\\vendor\\laravel\\framework\\src\\Illuminate\\Container\\BoundMethod.php(35): Illuminate\\Container\\BoundMethod::callBoundMethod()
#16 C:\\Users\\frank\\backend-cep-increazy\\viacep-api\\vendor\\laravel\\framework\\src\\Illuminate\\Container\\Container.php(690): Illuminate\\Container\\BoundMethod::call()
#17 C:\\Users\\frank\\backend-cep-increazy\\viacep-api\\vendor\\laravel\\framework\\src\\Illuminate\\Console\\Command.php(213): Illuminate\\Container\\Container->call()
#18 C:\\Users\\frank\\backend-cep-increazy\\viacep-api\\vendor\\symfony\\console\\Command\\Command.php(279): Illuminate\\Console\\Command->execute()
#19 C:\\Users\\frank\\backend-cep-increazy\\viacep-api\\vendor\\laravel\\framework\\src\\Illuminate\\Console\\Command.php(182): Symfony\\Component\\Console\\Command\\Command->run()
#20 C:\\Users\\frank\\backend-cep-increazy\\viacep-api\\vendor\\symfony\\console\\Application.php(1047): Illuminate\\Console\\Command->run()
#21 C:\\Users\\frank\\backend-cep-increazy\\viacep-api\\vendor\\symfony\\console\\Application.php(316): Symfony\\Component\\Console\\Application->doRunCommand()
#22 C:\\Users\\frank\\backend-cep-increazy\\viacep-api\\vendor\\symfony\\console\\Application.php(167): Symfony\\Component\\Console\\Application->doRun()
#23 C:\\Users\\frank\\backend-cep-increazy\\viacep-api\\vendor\\laravel\\framework\\src\\Illuminate\\Foundation\\Console\\Kernel.php(196): Symfony\\Component\\Console\\Application->run()
#24 C:\\Users\\frank\\backend-cep-increazy\\viacep-api\\vendor\\laravel\\framework\\src\\Illuminate\\Foundation\\Application.php(1203): Illuminate\\Foundation\\Console\\Kernel->handle()
#25 C:\\Users\\frank\\backend-cep-increazy\\viacep-api\\artisan(13): Illuminate\\Foundation\\Application->handleCommand()
#26 {main}
"} 
[2024-07-19 16:27:48] development.ERROR: Required @OA\Info() not found {"exception":"[object] (ErrorException(code: 0): Required @OA\\Info() not found at C:\\Users\\frank\\backend-cep-increazy\\viacep-api\\vendor\\zircote\\swagger-php\\src\\Loggers\\DefaultLogger.php:31)
[stacktrace]
#0 C:\\Users\\frank\\backend-cep-increazy\\viacep-api\\vendor\\laravel\\framework\\src\\Illuminate\\Foundation\\Bootstrap\\HandleExceptions.php(256): Illuminate\\Foundation\\Bootstrap\\HandleExceptions->handleError()
#1 [internal function]: Illuminate\\Foundation\\Bootstrap\\HandleExceptions->Illuminate\\Foundation\\Bootstrap\\{closure}()
#2 C:\\Users\\frank\\backend-cep-increazy\\viacep-api\\vendor\\zircote\\swagger-php\\src\\Loggers\\DefaultLogger.php(31): trigger_error()
#3 C:\\Users\\frank\\backend-cep-increazy\\viacep-api\\vendor\\psr\\log\\src\\LoggerTrait.php(86): OpenApi\\Loggers\\DefaultLogger->log()
#4 C:\\Users\\frank\\backend-cep-increazy\\viacep-api\\vendor\\zircote\\swagger-php\\src\\Annotations\\AbstractAnnotation.php(532): Psr\\Log\\AbstractLogger->warning()
#5 C:\\Users\\frank\\backend-cep-increazy\\viacep-api\\vendor\\zircote\\swagger-php\\src\\Annotations\\OpenApi.php(170): OpenApi\\Annotations\\AbstractAnnotation->validate()
#6 C:\\Users\\frank\\backend-cep-increazy\\viacep-api\\vendor\\zircote\\swagger-php\\src\\Analysis.php(440): OpenApi\\Annotations\\OpenApi->validate()
#7 C:\\Users\\frank\\backend-cep-increazy\\viacep-api\\vendor\\zircote\\swagger-php\\src\\Generator.php(520): OpenApi\\Analysis->validate()
#8 C:\\Users\\frank\\backend-cep-increazy\\viacep-api\\vendor\\darkaonline\\l5-swagger\\src\\Generator.php(191): OpenApi\\Generator->generate()
#9 C:\\Users\\frank\\backend-cep-increazy\\viacep-api\\vendor\\darkaonline\\l5-swagger\\src\\Generator.php(132): L5Swagger\\Generator->scanFilesForDocumentation()
#10 C:\\Users\\frank\\backend-cep-increazy\\viacep-api\\vendor\\darkaonline\\l5-swagger\\src\\Console\\GenerateDocsCommand.php(72): L5Swagger\\Generator->generateDocs()
#11 C:\\Users\\frank\\backend-cep-increazy\\viacep-api\\vendor\\darkaonline\\l5-swagger\\src\\Console\\GenerateDocsCommand.php(58): L5Swagger\\Console\\GenerateDocsCommand->generateDocumentation()
#12 C:\\Users\\frank\\backend-cep-increazy\\viacep-api\\vendor\\laravel\\framework\\src\\Illuminate\\Container\\BoundMethod.php(36): L5Swagger\\Console\\GenerateDocsCommand->handle()
#13 C:\\Users\\frank\\backend-cep-increazy\\viacep-api\\vendor\\laravel\\framework\\src\\Illuminate\\Container\\Util.php(41): Illuminate\\Container\\BoundMethod::Illuminate\\Container\\{closure}()
#14 C:\\Users\\frank\\backend-cep-increazy\\viacep-api\\vendor\\laravel\\framework\\src\\Illuminate\\Container\\BoundMethod.php(93): Illuminate\\Container\\Util::unwrapIfClosure()
#15 C:\\Users\\frank\\backend-cep-increazy\\viacep-api\\vendor\\laravel\\framework\\src\\Illuminate\\Container\\BoundMethod.php(35): Illuminate\\Container\\BoundMethod::callBoundMethod()
#16 C:\\Users\\frank\\backend-cep-increazy\\viacep-api\\vendor\\laravel\\framework\\src\\Illuminate\\Container\\Container.php(690): Illuminate\\Container\\BoundMethod::call()
#17 C:\\Users\\frank\\backend-cep-increazy\\viacep-api\\vendor\\laravel\\framework\\src\\Illuminate\\Console\\Command.php(213): Illuminate\\Container\\Container->call()
#18 C:\\Users\\frank\\backend-cep-increazy\\viacep-api\\vendor\\symfony\\console\\Command\\Command.php(279): Illuminate\\Console\\Command->execute()
#19 C:\\Users\\frank\\backend-cep-increazy\\viacep-api\\vendor\\laravel\\framework\\src\\Illuminate\\Console\\Command.php(182): Symfony\\Component\\Console\\Command\\Command->run()
#20 C:\\Users\\frank\\backend-cep-increazy\\viacep-api\\vendor\\symfony\\console\\Application.php(1047): Illuminate\\Console\\Command->run()
#21 C:\\Users\\frank\\backend-cep-increazy\\viacep-api\\vendor\\symfony\\console\\Application.php(316): Symfony\\Component\\Console\\Application->doRunCommand()
#22 C:\\Users\\frank\\backend-cep-increazy\\viacep-api\\vendor\\symfony\\console\\Application.php(167): Symfony\\Component\\Console\\Application->doRun()
#23 C:\\Users\\frank\\backend-cep-increazy\\viacep-api\\vendor\\laravel\\framework\\src\\Illuminate\\Foundation\\Console\\Kernel.php(196): Symfony\\Component\\Console\\Application->run()
#24 C:\\Users\\frank\\backend-cep-increazy\\viacep-api\\vendor\\laravel\\framework\\src\\Illuminate\\Foundation\\Application.php(1203): Illuminate\\Foundation\\Console\\Kernel->handle()
#25 C:\\Users\\frank\\backend-cep-increazy\\viacep-api\\artisan(13): Illuminate\\Foundation\\Application->handleCommand()
#26 {main}
"} 
[2024-07-19 16:29:52] development.INFO: O arquivo routes/web.php foi carregado.  
[2024-07-19 16:29:52] development.ERROR: Required @OA\Info() not found {"exception":"[object] (ErrorException(code: 0): Required @OA\\Info() not found at C:\\Users\\frank\\backend-cep-increazy\\viacep-api\\vendor\\zircote\\swagger-php\\src\\Loggers\\DefaultLogger.php:31)
[stacktrace]
#0 C:\\Users\\frank\\backend-cep-increazy\\viacep-api\\vendor\\laravel\\framework\\src\\Illuminate\\Foundation\\Bootstrap\\HandleExceptions.php(256): Illuminate\\Foundation\\Bootstrap\\HandleExceptions->handleError()
#1 [internal function]: Illuminate\\Foundation\\Bootstrap\\HandleExceptions->Illuminate\\Foundation\\Bootstrap\\{closure}()
#2 C:\\Users\\frank\\backend-cep-increazy\\viacep-api\\vendor\\zircote\\swagger-php\\src\\Loggers\\DefaultLogger.php(31): trigger_error()
#3 C:\\Users\\frank\\backend-cep-increazy\\viacep-api\\vendor\\psr\\log\\src\\LoggerTrait.php(86): OpenApi\\Loggers\\DefaultLogger->log()
#4 C:\\Users\\frank\\backend-cep-increazy\\viacep-api\\vendor\\zircote\\swagger-php\\src\\Annotations\\AbstractAnnotation.php(532): Psr\\Log\\AbstractLogger->warning()
#5 C:\\Users\\frank\\backend-cep-increazy\\viacep-api\\vendor\\zircote\\swagger-php\\src\\Annotations\\OpenApi.php(170): OpenApi\\Annotations\\AbstractAnnotation->validate()
#6 C:\\Users\\frank\\backend-cep-increazy\\viacep-api\\vendor\\zircote\\swagger-php\\src\\Analysis.php(440): OpenApi\\Annotations\\OpenApi->validate()
#7 C:\\Users\\frank\\backend-cep-increazy\\viacep-api\\vendor\\zircote\\swagger-php\\src\\Generator.php(520): OpenApi\\Analysis->validate()
#8 C:\\Users\\frank\\backend-cep-increazy\\viacep-api\\vendor\\darkaonline\\l5-swagger\\src\\Generator.php(191): OpenApi\\Generator->generate()
#9 C:\\Users\\frank\\backend-cep-increazy\\viacep-api\\vendor\\darkaonline\\l5-swagger\\src\\Generator.php(132): L5Swagger\\Generator->scanFilesForDocumentation()
#10 C:\\Users\\frank\\backend-cep-increazy\\viacep-api\\vendor\\darkaonline\\l5-swagger\\src\\Console\\GenerateDocsCommand.php(72): L5Swagger\\Generator->generateDocs()
#11 C:\\Users\\frank\\backend-cep-increazy\\viacep-api\\vendor\\darkaonline\\l5-swagger\\src\\Console\\GenerateDocsCommand.php(58): L5Swagger\\Console\\GenerateDocsCommand->generateDocumentation()
#12 C:\\Users\\frank\\backend-cep-increazy\\viacep-api\\vendor\\laravel\\framework\\src\\Illuminate\\Container\\BoundMethod.php(36): L5Swagger\\Console\\GenerateDocsCommand->handle()
#13 C:\\Users\\frank\\backend-cep-increazy\\viacep-api\\vendor\\laravel\\framework\\src\\Illuminate\\Container\\Util.php(41): Illuminate\\Container\\BoundMethod::Illuminate\\Container\\{closure}()
#14 C:\\Users\\frank\\backend-cep-increazy\\viacep-api\\vendor\\laravel\\framework\\src\\Illuminate\\Container\\BoundMethod.php(93): Illuminate\\Container\\Util::unwrapIfClosure()
#15 C:\\Users\\frank\\backend-cep-increazy\\viacep-api\\vendor\\laravel\\framework\\src\\Illuminate\\Container\\BoundMethod.php(35): Illuminate\\Container\\BoundMethod::callBoundMethod()
#16 C:\\Users\\frank\\backend-cep-increazy\\viacep-api\\vendor\\laravel\\framework\\src\\Illuminate\\Container\\Container.php(690): Illuminate\\Container\\BoundMethod::call()
#17 C:\\Users\\frank\\backend-cep-increazy\\viacep-api\\vendor\\laravel\\framework\\src\\Illuminate\\Console\\Command.php(213): Illuminate\\Container\\Container->call()
#18 C:\\Users\\frank\\backend-cep-increazy\\viacep-api\\vendor\\symfony\\console\\Command\\Command.php(279): Illuminate\\Console\\Command->execute()
#19 C:\\Users\\frank\\backend-cep-increazy\\viacep-api\\vendor\\laravel\\framework\\src\\Illuminate\\Console\\Command.php(182): Symfony\\Component\\Console\\Command\\Command->run()
#20 C:\\Users\\frank\\backend-cep-increazy\\viacep-api\\vendor\\symfony\\console\\Application.php(1047): Illuminate\\Console\\Command->run()
#21 C:\\Users\\frank\\backend-cep-increazy\\viacep-api\\vendor\\symfony\\console\\Application.php(316): Symfony\\Component\\Console\\Application->doRunCommand()
#22 C:\\Users\\frank\\backend-cep-increazy\\viacep-api\\vendor\\symfony\\console\\Application.php(167): Symfony\\Component\\Console\\Application->doRun()
#23 C:\\Users\\frank\\backend-cep-increazy\\viacep-api\\vendor\\laravel\\framework\\src\\Illuminate\\Foundation\\Console\\Kernel.php(196): Symfony\\Component\\Console\\Application->run()
#24 C:\\Users\\frank\\backend-cep-increazy\\viacep-api\\vendor\\laravel\\framework\\src\\Illuminate\\Foundation\\Application.php(1203): Illuminate\\Foundation\\Console\\Kernel->handle()
#25 C:\\Users\\frank\\backend-cep-increazy\\viacep-api\\artisan(13): Illuminate\\Foundation\\Application->handleCommand()
#26 {main}
"} 
[2024-07-19 16:31:34] development.ERROR: Undefined array key "docs" {"exception":"[object] (ErrorException(code: 0): Undefined array key \"docs\" at C:\\Users\\frank\\backend-cep-increazy\\viacep-api\\vendor\\darkaonline\\l5-swagger\\src\\Generator.php:112)
[stacktrace]
#0 C:\\Users\\frank\\backend-cep-increazy\\viacep-api\\vendor\\laravel\\framework\\src\\Illuminate\\Foundation\\Bootstrap\\HandleExceptions.php(256): Illuminate\\Foundation\\Bootstrap\\HandleExceptions->handleError()
#1 C:\\Users\\frank\\backend-cep-increazy\\viacep-api\\vendor\\darkaonline\\l5-swagger\\src\\Generator.php(112): Illuminate\\Foundation\\Bootstrap\\HandleExceptions->Illuminate\\Foundation\\Bootstrap\\{closure}()
#2 C:\\Users\\frank\\backend-cep-increazy\\viacep-api\\vendor\\darkaonline\\l5-swagger\\src\\GeneratorFactory.php(41): L5Swagger\\Generator->__construct()
#3 C:\\Users\\frank\\backend-cep-increazy\\viacep-api\\vendor\\darkaonline\\l5-swagger\\src\\Console\\GenerateDocsCommand.php(71): L5Swagger\\GeneratorFactory->make()
#4 C:\\Users\\frank\\backend-cep-increazy\\viacep-api\\vendor\\darkaonline\\l5-swagger\\src\\Console\\GenerateDocsCommand.php(58): L5Swagger\\Console\\GenerateDocsCommand->generateDocumentation()
#5 C:\\Users\\frank\\backend-cep-increazy\\viacep-api\\vendor\\laravel\\framework\\src\\Illuminate\\Container\\BoundMethod.php(36): L5Swagger\\Console\\GenerateDocsCommand->handle()
#6 C:\\Users\\frank\\backend-cep-increazy\\viacep-api\\vendor\\laravel\\framework\\src\\Illuminate\\Container\\Util.php(41): Illuminate\\Container\\BoundMethod::Illuminate\\Container\\{closure}()
#7 C:\\Users\\frank\\backend-cep-increazy\\viacep-api\\vendor\\laravel\\framework\\src\\Illuminate\\Container\\BoundMethod.php(93): Illuminate\\Container\\Util::unwrapIfClosure()
#8 C:\\Users\\frank\\backend-cep-increazy\\viacep-api\\vendor\\laravel\\framework\\src\\Illuminate\\Container\\BoundMethod.php(35): Illuminate\\Container\\BoundMethod::callBoundMethod()
#9 C:\\Users\\frank\\backend-cep-increazy\\viacep-api\\vendor\\laravel\\framework\\src\\Illuminate\\Container\\Container.php(690): Illuminate\\Container\\BoundMethod::call()
#10 C:\\Users\\frank\\backend-cep-increazy\\viacep-api\\vendor\\laravel\\framework\\src\\Illuminate\\Console\\Command.php(213): Illuminate\\Container\\Container->call()
#11 C:\\Users\\frank\\backend-cep-increazy\\viacep-api\\vendor\\symfony\\console\\Command\\Command.php(279): Illuminate\\Console\\Command->execute()
#12 C:\\Users\\frank\\backend-cep-increazy\\viacep-api\\vendor\\laravel\\framework\\src\\Illuminate\\Console\\Command.php(182): Symfony\\Component\\Console\\Command\\Command->run()
#13 C:\\Users\\frank\\backend-cep-increazy\\viacep-api\\vendor\\symfony\\console\\Application.php(1047): Illuminate\\Console\\Command->run()
#14 C:\\Users\\frank\\backend-cep-increazy\\viacep-api\\vendor\\symfony\\console\\Application.php(316): Symfony\\Component\\Console\\Application->doRunCommand()
#15 C:\\Users\\frank\\backend-cep-increazy\\viacep-api\\vendor\\symfony\\console\\Application.php(167): Symfony\\Component\\Console\\Application->doRun()
#16 C:\\Users\\frank\\backend-cep-increazy\\viacep-api\\vendor\\laravel\\framework\\src\\Illuminate\\Foundation\\Console\\Kernel.php(196): Symfony\\Component\\Console\\Application->run()
#17 C:\\Users\\frank\\backend-cep-increazy\\viacep-api\\vendor\\laravel\\framework\\src\\Illuminate\\Foundation\\Application.php(1203): Illuminate\\Foundation\\Console\\Kernel->handle()
#18 C:\\Users\\frank\\backend-cep-increazy\\viacep-api\\artisan(13): Illuminate\\Foundation\\Application->handleCommand()
#19 {main}
"} 
[2024-07-19 16:32:19] development.INFO: O arquivo routes/web.php foi carregado.  
[2024-07-19 16:32:23] development.INFO: O arquivo routes/web.php foi carregado.  
[2024-07-19 16:32:23] development.ERROR: Undefined array key "docs" {"exception":"[object] (ErrorException(code: 0): Undefined array key \"docs\" at C:\\Users\\frank\\backend-cep-increazy\\viacep-api\\vendor\\darkaonline\\l5-swagger\\src\\Generator.php:112)
[stacktrace]
#0 C:\\Users\\frank\\backend-cep-increazy\\viacep-api\\vendor\\laravel\\framework\\src\\Illuminate\\Foundation\\Bootstrap\\HandleExceptions.php(256): Illuminate\\Foundation\\Bootstrap\\HandleExceptions->handleError()
#1 C:\\Users\\frank\\backend-cep-increazy\\viacep-api\\vendor\\darkaonline\\l5-swagger\\src\\Generator.php(112): Illuminate\\Foundation\\Bootstrap\\HandleExceptions->Illuminate\\Foundation\\Bootstrap\\{closure}()
#2 C:\\Users\\frank\\backend-cep-increazy\\viacep-api\\vendor\\darkaonline\\l5-swagger\\src\\GeneratorFactory.php(41): L5Swagger\\Generator->__construct()
#3 C:\\Users\\frank\\backend-cep-increazy\\viacep-api\\vendor\\darkaonline\\l5-swagger\\src\\Console\\GenerateDocsCommand.php(71): L5Swagger\\GeneratorFactory->make()
#4 C:\\Users\\frank\\backend-cep-increazy\\viacep-api\\vendor\\darkaonline\\l5-swagger\\src\\Console\\GenerateDocsCommand.php(58): L5Swagger\\Console\\GenerateDocsCommand->generateDocumentation()
#5 C:\\Users\\frank\\backend-cep-increazy\\viacep-api\\vendor\\laravel\\framework\\src\\Illuminate\\Container\\BoundMethod.php(36): L5Swagger\\Console\\GenerateDocsCommand->handle()
#6 C:\\Users\\frank\\backend-cep-increazy\\viacep-api\\vendor\\laravel\\framework\\src\\Illuminate\\Container\\Util.php(41): Illuminate\\Container\\BoundMethod::Illuminate\\Container\\{closure}()
#7 C:\\Users\\frank\\backend-cep-increazy\\viacep-api\\vendor\\laravel\\framework\\src\\Illuminate\\Container\\BoundMethod.php(93): Illuminate\\Container\\Util::unwrapIfClosure()
#8 C:\\Users\\frank\\backend-cep-increazy\\viacep-api\\vendor\\laravel\\framework\\src\\Illuminate\\Container\\BoundMethod.php(35): Illuminate\\Container\\BoundMethod::callBoundMethod()
#9 C:\\Users\\frank\\backend-cep-increazy\\viacep-api\\vendor\\laravel\\framework\\src\\Illuminate\\Container\\Container.php(690): Illuminate\\Container\\BoundMethod::call()
#10 C:\\Users\\frank\\backend-cep-increazy\\viacep-api\\vendor\\laravel\\framework\\src\\Illuminate\\Console\\Command.php(213): Illuminate\\Container\\Container->call()
#11 C:\\Users\\frank\\backend-cep-increazy\\viacep-api\\vendor\\symfony\\console\\Command\\Command.php(279): Illuminate\\Console\\Command->execute()
#12 C:\\Users\\frank\\backend-cep-increazy\\viacep-api\\vendor\\laravel\\framework\\src\\Illuminate\\Console\\Command.php(182): Symfony\\Component\\Console\\Command\\Command->run()
#13 C:\\Users\\frank\\backend-cep-increazy\\viacep-api\\vendor\\symfony\\console\\Application.php(1047): Illuminate\\Console\\Command->run()
#14 C:\\Users\\frank\\backend-cep-increazy\\viacep-api\\vendor\\symfony\\console\\Application.php(316): Symfony\\Component\\Console\\Application->doRunCommand()
#15 C:\\Users\\frank\\backend-cep-increazy\\viacep-api\\vendor\\symfony\\console\\Application.php(167): Symfony\\Component\\Console\\Application->doRun()
#16 C:\\Users\\frank\\backend-cep-increazy\\viacep-api\\vendor\\laravel\\framework\\src\\Illuminate\\Foundation\\Console\\Kernel.php(196): Symfony\\Component\\Console\\Application->run()
#17 C:\\Users\\frank\\backend-cep-increazy\\viacep-api\\vendor\\laravel\\framework\\src\\Illuminate\\Foundation\\Application.php(1203): Illuminate\\Foundation\\Console\\Kernel->handle()
#18 C:\\Users\\frank\\backend-cep-increazy\\viacep-api\\artisan(13): Illuminate\\Foundation\\Application->handleCommand()
#19 {main}
"} 
